<?xml version="1.0" encoding="UTF-8"?>
<!-- Generated by org.testng.reporters.JUnitReportReporter -->
<testsuite skipped="0" hostname="pakanji-t480s" name="QA.forgotpassword" tests="1" failures="0" timestamp="13 Sep 2019 16:53:37 GMT" time="7.231" errors="0">
  <testcase name="TrialTest" time="7.231" classname="QA.forgotpassword"/>
</testsuite> <!-- QA.forgotpassword -->
