<?xml version="1.0" encoding="UTF-8"?>
<!-- Generated by org.testng.reporters.JUnitReportReporter -->
<testsuite skipped="0" hostname="pakanji-t480s" name="QA.GenerateLog" tests="1" failures="0" timestamp="2019-09-14T08:21:14 BST" time="4.129" errors="0">
  <testcase name="Test" time="4.129" classname="QA.GenerateLog"/>
</testsuite> <!-- QA.GenerateLog -->
