<?xml version="1.0" encoding="UTF-8"?>
<!-- Generated by org.testng.reporters.JUnitReportReporter -->
<testsuite skipped="0" hostname="pakanji-t480s" name="QA.Testcases" tests="2" failures="0" timestamp="10 Sep 2019 15:03:50 GMT" time="11.843" errors="0">
  <testcase name="StartTest" time="6.027" classname="QA.Testcases"/>
  <testcase name="StartTest" time="5.816" classname="QA.Testcases"/>
</testsuite> <!-- QA.Testcases -->
