<?xml version="1.0" encoding="UTF-8"?>
<!-- Generated by org.testng.reporters.JUnitReportReporter -->
<testsuite skipped="0" hostname="pakanji-t480s" name="QA.trial" tests="1" failures="0" timestamp="12 Sep 2019 14:36:27 GMT" time="3.985" errors="0">
  <testcase name="TrialTest" time="3.985" classname="QA.trial"/>
</testsuite> <!-- QA.trial -->
